<?xml version="1.0" encoding="UTF-8"?>
<!-- Generated by org.testng.reporters.JUnitReportReporter -->
<testsuite hostname="EN-MuktharM" name="com.muks.jacocowrk.StudyGroupTest" tests="1" failures="0" timestamp="21 Jun 2016 07:02:36 GMT" time="0.011" errors="0">
  <testcase name="testStudyGroupClass" time="0.011" classname="com.muks.jacocowrk.StudyGroupTest"/>
</testsuite> <!-- com.muks.jacocowrk.StudyGroupTest -->
